TN:
SF:src\app.ts
FN:9,App
FN:16,initializeRoutes
FN:19,interceptionError
FN:22,middlewaresInitialize
FN:26,listen
FNF:5
FNH:4
FNDA:1,App
FNDA:1,initializeRoutes
FNDA:1,interceptionError
FNDA:1,middlewaresInitialize
FNDA:0,listen
DA:1,1
DA:2,1
DA:3,1
DA:4,1
DA:5,1
DA:6,1
DA:7,1
DA:8,1
DA:9,1
DA:10,1
DA:11,1
DA:12,1
DA:13,1
DA:14,1
DA:15,1
DA:16,1
DA:17,1
DA:18,1
DA:19,1
DA:20,1
DA:21,1
DA:22,1
DA:23,1
DA:24,1
DA:25,1
DA:26,1
DA:27,0
DA:28,0
DA:29,1
DA:30,1
DA:31,1
LF:31
LH:29
BRDA:9,0,0,1
BRDA:16,1,0,1
BRDA:19,2,0,1
BRDA:22,3,0,1
BRF:4
BRH:4
end_of_record
TN:
SF:src\controllers\EventController.ts
FN:8,EventController
FN:14,create
FN:38,findEventByLocation
FN:50,findEventsByCategory
FN:63,findEventsByName
FN:75,findEventsById
FN:87,addParticipant
FNF:7
FNH:6
FNDA:1,EventController
FNDA:1,create
FNDA:1,findEventByLocation
FNDA:1,findEventsByCategory
FNDA:0,findEventsByName
FNDA:1,findEventsById
FNDA:1,addParticipant
DA:1,1
DA:2,1
DA:3,1
DA:4,1
DA:5,1
DA:6,1
DA:7,1
DA:8,1
DA:9,1
DA:10,1
DA:11,1
DA:12,1
DA:13,1
DA:14,1
DA:15,1
DA:16,1
DA:17,1
DA:18,1
DA:19,1
DA:20,1
DA:21,1
DA:22,1
DA:23,1
DA:24,1
DA:25,1
DA:26,1
DA:27,1
DA:28,1
DA:29,1
DA:30,1
DA:31,1
DA:32,1
DA:33,1
DA:34,1
DA:35,0
DA:36,0
DA:37,1
DA:38,1
DA:39,1
DA:40,1
DA:41,1
DA:42,1
DA:43,1
DA:44,1
DA:45,1
DA:46,1
DA:47,0
DA:48,0
DA:49,1
DA:50,1
DA:51,1
DA:52,1
DA:53,1
DA:54,1
DA:55,1
DA:56,1
DA:57,1
DA:58,1
DA:59,0
DA:60,0
DA:61,1
DA:62,1
DA:63,0
DA:64,0
DA:65,0
DA:66,0
DA:67,0
DA:68,0
DA:69,0
DA:70,0
DA:71,0
DA:72,0
DA:73,0
DA:74,0
DA:75,1
DA:76,1
DA:77,1
DA:78,1
DA:79,1
DA:80,1
DA:81,1
DA:82,1
DA:83,1
DA:84,0
DA:85,0
DA:86,1
DA:87,1
DA:88,1
DA:89,1
DA:90,1
DA:91,1
DA:92,1
DA:93,1
DA:94,1
DA:95,1
DA:96,1
DA:97,1
DA:98,1
DA:99,0
DA:100,0
DA:101,1
DA:102,1
DA:103,1
DA:104,1
DA:105,1
DA:106,1
DA:107,1
DA:108,1
DA:109,1
LF:109
LH:87
BRDA:8,0,0,1
BRDA:14,1,0,1
BRDA:34,2,0,0
BRDA:25,3,0,2
BRDA:38,4,0,1
BRDA:46,5,0,0
BRDA:50,6,0,1
BRDA:58,7,0,0
BRDA:75,8,0,1
BRDA:83,9,0,0
BRDA:87,10,0,1
BRDA:98,11,0,0
BRF:12
BRH:7
end_of_record
TN:
SF:src\infra\database.ts
FN:3,connect
FNF:1
FNH:1
FNDA:1,connect
DA:1,1
DA:2,1
DA:3,1
DA:4,1
DA:5,1
DA:6,1
DA:7,1
DA:8,1
DA:9,0
DA:10,0
DA:11,1
LF:11
LH:9
BRDA:3,0,0,1
BRDA:8,1,0,0
BRF:2
BRH:1
end_of_record
TN:
SF:src\infra\multer.ts
FN:8,destination
FN:11,filename
FNF:2
FNH:2
FNDA:3,destination
FNDA:3,filename
DA:1,1
DA:2,1
DA:3,1
DA:4,1
DA:5,1
DA:6,1
DA:7,1
DA:8,1
DA:9,3
DA:10,1
DA:11,1
DA:12,3
DA:13,3
DA:14,3
DA:15,3
DA:16,1
DA:17,1
DA:18,1
DA:19,1
DA:20,1
LF:20
LH:20
BRDA:8,0,0,3
BRDA:11,1,0,3
BRF:2
BRH:2
end_of_record
TN:
SF:src\interfaces\HttpException.ts
FN:4,HttpException
FNF:1
FNH:0
FNDA:0,HttpException
DA:1,1
DA:2,1
DA:3,1
DA:4,1
DA:5,0
DA:6,0
DA:7,0
DA:8,0
DA:9,1
DA:10,1
DA:11,1
LF:11
LH:7
BRF:0
BRH:0
end_of_record
TN:
SF:src\middlewares\error.middleware.ts
FN:4,errorMiddleware
FNF:1
FNH:1
FNDA:1,errorMiddleware
DA:1,1
DA:2,1
DA:3,1
DA:4,1
DA:5,1
DA:6,1
DA:7,1
DA:8,1
DA:9,1
DA:10,1
DA:11,1
DA:12,1
DA:13,1
DA:14,1
DA:15,1
DA:16,1
DA:17,1
LF:17
LH:17
BRDA:4,0,0,1
BRDA:10,1,0,0
BRDA:11,2,0,0
BRF:3
BRH:1
end_of_record
TN:
SF:src\repositories\EventRepositoryMongoose.ts
FN:38,add
FN:43,findByLocationAndDate
FN:48,findEventById
FN:53,findEventsByCity
FN:59,findEventsByCategory
FN:64,update
FN:70,findEventsByName
FNF:7
FNH:6
FNDA:1,add
FNDA:1,findByLocationAndDate
FNDA:2,findEventById
FNDA:1,findEventsByCity
FNDA:1,findEventsByCategory
FNDA:1,update
FNDA:0,findEventsByName
DA:1,1
DA:2,1
DA:3,1
DA:4,1
DA:5,1
DA:6,1
DA:7,1
DA:8,1
DA:9,1
DA:10,1
DA:11,1
DA:12,1
DA:13,1
DA:14,1
DA:15,1
DA:16,1
DA:17,1
DA:18,1
DA:19,1
DA:20,1
DA:21,1
DA:22,1
DA:23,1
DA:24,1
DA:25,1
DA:26,1
DA:27,1
DA:28,1
DA:29,1
DA:30,1
DA:31,1
DA:32,1
DA:33,1
DA:34,1
DA:35,1
DA:36,1
DA:37,1
DA:38,1
DA:39,1
DA:40,1
DA:41,1
DA:42,1
DA:43,1
DA:44,1
DA:45,1
DA:46,1
DA:47,1
DA:48,1
DA:49,2
DA:50,2
DA:51,2
DA:52,2
DA:53,1
DA:54,1
DA:55,1
DA:56,1
DA:57,1
DA:58,1
DA:59,1
DA:60,1
DA:61,1
DA:62,1
DA:63,1
DA:64,1
DA:65,1
DA:66,1
DA:67,1
DA:68,1
DA:69,1
DA:70,1
DA:71,0
DA:72,0
DA:73,0
DA:74,0
DA:75,0
DA:76,0
DA:77,0
DA:78,1
DA:79,1
DA:80,1
DA:81,1
LF:81
LH:74
BRDA:38,0,0,1
BRDA:43,1,0,1
BRDA:46,2,0,0
BRDA:48,3,0,2
BRDA:51,4,0,0
BRDA:53,5,0,1
BRDA:56,6,0,24
BRDA:59,7,0,1
BRDA:62,8,0,9
BRDA:64,9,0,1
BRF:10
BRH:8
end_of_record
TN:
SF:src\repositories\UserRepositoryMongoose.ts
FN:20,add
FN:25,verifyIsUserExists
FNF:2
FNH:1
FNDA:0,add
FNDA:1,verifyIsUserExists
DA:1,1
DA:2,1
DA:3,1
DA:4,1
DA:5,1
DA:6,1
DA:7,1
DA:8,1
DA:9,1
DA:10,1
DA:11,1
DA:12,1
DA:13,1
DA:14,1
DA:15,1
DA:16,1
DA:17,1
DA:18,1
DA:19,1
DA:20,1
DA:21,0
DA:22,0
DA:23,0
DA:24,0
DA:25,1
DA:26,1
DA:27,1
DA:28,1
DA:29,1
DA:30,1
DA:31,1
DA:32,1
DA:33,1
DA:34,1
DA:35,1
LF:35
LH:31
BRDA:25,0,0,1
BRDA:28,1,0,0
BRF:2
BRH:1
end_of_record
TN:
SF:src\routes\event.routes.ts
FN:10,EventRoutes
FN:17,initRoutes
FNF:2
FNH:2
FNDA:1,EventRoutes
FNDA:1,initRoutes
DA:1,1
DA:2,1
DA:3,1
DA:4,1
DA:5,1
DA:6,1
DA:7,1
DA:8,1
DA:9,1
DA:10,1
DA:11,1
DA:12,1
DA:13,1
DA:14,1
DA:15,1
DA:16,1
DA:17,1
DA:18,1
DA:19,1
DA:20,1
DA:21,1
DA:22,1
DA:23,1
DA:24,1
DA:25,1
DA:26,1
DA:27,1
DA:28,1
DA:29,1
DA:30,1
DA:31,1
DA:32,1
DA:33,1
DA:34,1
DA:35,1
DA:36,1
DA:37,1
DA:38,1
LF:38
LH:38
BRDA:10,0,0,1
BRDA:17,1,0,1
BRF:2
BRH:2
end_of_record
TN:
SF:src\useCases\EventUseCase.ts
FN:10,EventUseCase
FN:11,create
FN:43,findEventByLocation
FN:62,findEventsByCategory
FN:69,findEventsByName
FN:76,findEventsById
FN:83,addParticipant
FN:109,getCityNameByCoordinates
FN:130,calculateDistance
FN:149,deg2rad
FNF:10
FNH:10
FNDA:2,EventUseCase
FNDA:1,create
FNDA:1,findEventByLocation
FNDA:2,findEventsByCategory
FNDA:1,findEventsByName
FNDA:2,findEventsById
FNDA:1,addParticipant
FNDA:2,getCityNameByCoordinates
FNDA:24,calculateDistance
FNDA:96,deg2rad
DA:1,1
DA:2,1
DA:3,1
DA:4,1
DA:5,1
DA:6,1
DA:7,1
DA:8,1
DA:9,1
DA:10,1
DA:11,1
DA:12,1
DA:13,0
DA:14,0
DA:15,1
DA:16,1
DA:17,1
DA:18,1
DA:19,1
DA:20,1
DA:21,1
DA:22,1
DA:23,1
DA:24,1
DA:25,1
DA:26,1
DA:27,1
DA:28,1
DA:29,1
DA:30,1
DA:31,1
DA:32,1
DA:33,1
DA:34,1
DA:35,1
DA:36,1
DA:37,1
DA:38,1
DA:39,1
DA:40,1
DA:41,1
DA:42,1
DA:43,1
DA:44,1
DA:45,1
DA:46,1
DA:47,1
DA:48,1
DA:49,1
DA:50,1
DA:51,1
DA:52,24
DA:53,24
DA:54,24
DA:55,24
DA:56,24
DA:57,24
DA:58,24
DA:59,1
DA:60,1
DA:61,1
DA:62,1
DA:63,2
DA:64,2
DA:65,2
DA:66,2
DA:67,2
DA:68,2
DA:69,1
DA:70,1
DA:71,1
DA:72,1
DA:73,1
DA:74,1
DA:75,1
DA:76,1
DA:77,2
DA:78,2
DA:79,2
DA:80,2
DA:81,2
DA:82,2
DA:83,1
DA:84,1
DA:85,1
DA:86,1
DA:87,1
DA:88,1
DA:89,1
DA:90,1
DA:91,1
DA:92,1
DA:93,1
DA:94,1
DA:95,1
DA:96,0
DA:97,0
DA:98,1
DA:99,1
DA:100,1
DA:101,1
DA:102,1
DA:103,1
DA:104,1
DA:105,1
DA:106,1
DA:107,1
DA:108,1
DA:109,1
DA:110,2
DA:111,2
DA:112,2
DA:113,2
DA:114,2
DA:115,2
DA:116,2
DA:117,2
DA:118,2
DA:119,2
DA:120,2
DA:121,2
DA:122,2
DA:123,2
DA:124,0
DA:125,0
DA:126,0
DA:127,0
DA:128,2
DA:129,2
DA:130,1
DA:131,24
DA:132,24
DA:133,24
DA:134,24
DA:135,24
DA:136,24
DA:137,24
DA:138,24
DA:139,24
DA:140,24
DA:141,24
DA:142,24
DA:143,24
DA:144,24
DA:145,24
DA:146,24
DA:147,24
DA:148,24
DA:149,1
DA:150,96
DA:151,96
DA:152,1
DA:153,1
DA:154,1
DA:155,1
DA:156,1
LF:156
LH:148
BRDA:10,0,0,2
BRDA:11,1,0,1
BRDA:12,2,0,0
BRDA:15,3,0,0
BRDA:17,4,0,0
BRDA:20,5,0,0
BRDA:26,6,0,0
BRDA:43,7,0,1
BRDA:51,8,0,24
BRDA:62,9,0,2
BRDA:63,10,0,0
BRDA:69,11,0,1
BRDA:70,12,0,0
BRDA:76,13,0,2
BRDA:77,14,0,0
BRDA:83,15,0,1
BRDA:86,16,0,0
BRDA:95,17,0,0
BRDA:109,18,0,2
BRDA:124,19,0,0
BRDA:120,20,0,8
BRDA:120,21,0,2
BRDA:130,22,0,24
BRDA:149,23,0,96
BRF:24
BRH:13
end_of_record
